# JRE version: OpenJDK Runtime Environment Temurin-17.0.7+7 (17.0.7+7) (build 17.0.7+7)
# Java VM: OpenJDK 64-Bit Server VM Temurin-17.0.7+7 (17.0.7+7, mixed mode, tiered, compressed oops, compressed class ptrs, g1 gc, windows-amd64)
GC Precious Log:
 CPUs: 8 total, 8 available
 Memory: 7890M
 Large Page Support: Disabled
 NUMA Support: Disabled
 Compressed Oops: Enabled (32-bit)
 Heap Region Size: 1M
 Heap Min Capacity: 8M
 Heap Initial Capacity: 124M
 Heap Max Capacity: 2G
 Pre-touch: Disabled
 Parallel Workers: 8
 Concurrent Workers: 2
 Concurrent Refinement Workers: 8
 Periodic GC: Disabled
Heap:
 garbage-first heap   total 114688K, used 51350K [0x0000000080000000, 0x0000000100000000)
  region size 1024K, 23 young (23552K), 6 survivors (6144K)
 Metaspace       used 43860K, committed 44416K, reserved 1114112K
  class space    used 4890K, committed 5120K, reserved 1048576K
GC Heap History (20 events):
Event: 1.436 GC heap before
{Heap before GC invocations=2 (full 0):
 garbage-first heap   total 126976K, used 59246K [0x0000000080000000, 0x0000000100000000)
  region size 1024K, 42 young (43008K), 3 survivors (3072K)
 Metaspace       used 17207K, committed 17408K, reserved 1114112K
  class space    used 1608K, committed 1664K, reserved 1048576K
}
Event: 1.443 GC heap after
{Heap after GC invocations=3 (full 0):
 garbage-first heap   total 126976K, used 22765K [0x0000000080000000, 0x0000000100000000)
  region size 1024K, 6 young (6144K), 6 survivors (6144K)
 Metaspace       used 17207K, committed 17408K, reserved 1114112K
  class space    used 1608K, committed 1664K, reserved 1048576K
}
Event: 1.797 GC heap before
{Heap before GC invocations=3 (full 0):
 garbage-first heap   total 126976K, used 49389K [0x0000000080000000, 0x0000000100000000)
  region size 1024K, 33 young (33792K), 6 survivors (6144K)
 Metaspace       used 21383K, committed 21504K, reserved 1114112K
  class space    used 2244K, committed 2304K, reserved 1048576K
}
Event: 1.804 GC heap after
{Heap after GC invocations=4 (full 0):
 garbage-first heap   total 126976K, used 22132K [0x0000000080000000, 0x0000000100000000)
  region size 1024K, 5 young (5120K), 5 survivors (5120K)
 Metaspace       used 21383K, committed 21504K, reserved 1114112K
  class space    used 2244K, committed 2304K, reserved 1048576K
}
Event: 1.988 GC heap before
{Heap before GC invocations=5 (full 0):
 garbage-first heap   total 78848K, used 62068K [0x0000000080000000, 0x0000000100000000)
  region size 1024K, 45 young (46080K), 5 survivors (5120K)
 Metaspace       used 22097K, committed 22336K, reserved 1114112K
  class space    used 2314K, committed 2432K, reserved 1048576K
}
Event: 1.995 GC heap after
{Heap after GC invocations=6 (full 0):
 garbage-first heap   total 78848K, used 22715K [0x0000000080000000, 0x0000000100000000)
  region size 1024K, 3 young (3072K), 3 survivors (3072K)
 Metaspace       used 22097K, committed 22336K, reserved 1114112K
  class space    used 2314K, committed 2432K, reserved 1048576K
}
Event: 2.337 GC heap before
{Heap before GC invocations=6 (full 0):
 garbage-first heap   total 78848K, used 54459K [0x0000000080000000, 0x0000000100000000)
  region size 1024K, 34 young (34816K), 3 survivors (3072K)
 Metaspace       used 24813K, committed 25152K, reserved 1114112K
  class space    used 2603K, committed 2752K, reserved 1048576K
}
Event: 2.342 GC heap after
{Heap after GC invocations=7 (full 0):
 garbage-first heap   total 95232K, used 24589K [0x0000000080000000, 0x0000000100000000)
  region size 1024K, 5 young (5120K), 5 survivors (5120K)
 Metaspace       used 24813K, committed 25152K, reserved 1114112K
  class space    used 2603K, committed 2752K, reserved 1048576K
}
Event: 2.888 GC heap before
{Heap before GC invocations=7 (full 0):
 garbage-first heap   total 95232K, used 69645K [0x0000000080000000, 0x0000000100000000)
  region size 1024K, 49 young (50176K), 5 survivors (5120K)
 Metaspace       used 31481K, committed 31808K, reserved 1114112K
  class space    used 3367K, committed 3520K, reserved 1048576K
}
Event: 2.898 GC heap after
{Heap after GC invocations=8 (full 0):
 garbage-first heap   total 95232K, used 27421K [0x0000000080000000, 0x0000000100000000)
  region size 1024K, 6 young (6144K), 6 survivors (6144K)
 Metaspace       used 31481K, committed 31808K, reserved 1114112K
  class space    used 3367K, committed 3520K, reserved 1048576K
}
Event: 3.061 GC heap before
{Heap before GC invocations=8 (full 0):
 garbage-first heap   total 95232K, used 71453K [0x0000000080000000, 0x0000000100000000)
  region size 1024K, 47 young (48128K), 6 survivors (6144K)
 Metaspace       used 32676K, committed 33088K, reserved 1114112K
  class space    used 3449K, committed 3648K, reserved 1048576K
}
Event: 3.070 GC heap after
{Heap after GC invocations=9 (full 0):
 garbage-first heap   total 95232K, used 28281K [0x0000000080000000, 0x0000000100000000)
  region size 1024K, 4 young (4096K), 4 survivors (4096K)
 Metaspace       used 32676K, committed 33088K, reserved 1114112K
  class space    used 3449K, committed 3648K, reserved 1048576K
}
Event: 3.422 GC heap before
{Heap before GC invocations=9 (full 0):
 garbage-first heap   total 95232K, used 71289K [0x0000000080000000, 0x0000000100000000)
  region size 1024K, 46 young (47104K), 4 survivors (4096K)
 Metaspace       used 34844K, committed 35200K, reserved 1114112K
  class space    used 3686K, committed 3840K, reserved 1048576K
}
Event: 3.427 GC heap after
{Heap after GC invocations=10 (full 0):
 garbage-first heap   total 95232K, used 29982K [0x0000000080000000, 0x0000000100000000)
  region size 1024K, 2 young (2048K), 2 survivors (2048K)
 Metaspace       used 34844K, committed 35200K, reserved 1114112K
  class space    used 3686K, committed 3840K, reserved 1048576K
}
Event: 3.516 GC heap before
{Heap before GC invocations=10 (full 0):
 garbage-first heap   total 95232K, used 74014K [0x0000000080000000, 0x0000000100000000)
  region size 1024K, 45 young (46080K), 2 survivors (2048K)
 Metaspace       used 34908K, committed 35264K, reserved 1114112K
  class space    used 3693K, committed 3840K, reserved 1048576K
}
Event: 3.519 GC heap after
{Heap after GC invocations=11 (full 0):
 garbage-first heap   total 114688K, used 30695K [0x0000000080000000, 0x0000000100000000)
  region size 1024K, 3 young (3072K), 3 survivors (3072K)
 Metaspace       used 34908K, committed 35264K, reserved 1114112K
  class space    used 3693K, committed 3840K, reserved 1048576K
}
Event: 3.659 GC heap before
{Heap before GC invocations=11 (full 0):
 garbage-first heap   total 114688K, used 44007K [0x0000000080000000, 0x0000000100000000)
  region size 1024K, 17 young (17408K), 3 survivors (3072K)
 Metaspace       used 35691K, committed 36096K, reserved 1114112K
  class space    used 3787K, committed 3968K, reserved 1048576K
}
Event: 3.667 GC heap after
{Heap after GC invocations=12 (full 0):
 garbage-first heap   total 114688K, used 33306K [0x0000000080000000, 0x0000000100000000)
  region size 1024K, 6 young (6144K), 6 survivors (6144K)
 Metaspace       used 35691K, committed 36096K, reserved 1114112K
  class space    used 3787K, committed 3968K, reserved 1048576K
}
Event: 4.804 GC heap before
{Heap before GC invocations=13 (full 0):
 garbage-first heap   total 114688K, used 79386K [0x0000000080000000, 0x0000000100000000)
  region size 1024K, 51 young (52224K), 6 survivors (6144K)
 Metaspace       used 42159K, committed 42688K, reserved 1114112K
  class space    used 4687K, committed 4928K, reserved 1048576K
}
Event: 4.813 GC heap after
{Heap after GC invocations=14 (full 0):
 garbage-first heap   total 114688K, used 35990K [0x0000000080000000, 0x0000000100000000)
  region size 1024K, 6 young (6144K), 6 survivors (6144K)
 Metaspace       used 42159K, committed 42688K, reserved 1114112K
  class space    used 4687K, committed 4928K, reserved 1048576K
}

